<?xml version="1.0" encoding="UTF-8"?>
<testng-results ignored="0" total="1" passed="1" failed="0" skipped="0">
  <reporter-output>
  </reporter-output>
  <suite started-at="2021-03-18T05:04:54Z" name="Default suite" finished-at="2021-03-18T05:04:54Z" duration-ms="30">
    <groups>
    </groups>
    <test started-at="2021-03-18T05:04:54Z" name="Default test" finished-at="2021-03-18T05:04:54Z" duration-ms="30">
      <class name="basepack.TestNGTest">
        <test-method signature="mTest()[pri:0, instance:basepack.TestNGTest@1863d2fe]" started-at="2021-03-18T10:34:54Z" name="mTest" finished-at="2021-03-18T10:34:54Z" duration-ms="11" status="PASS">
          <reporter-output>
          </reporter-output>
        </test-method> <!-- mTest -->
      </class> <!-- basepack.TestNGTest -->
    </test> <!-- Default test -->
  </suite> <!-- Default suite -->
</testng-results>
